Arguments: 
  C:\Program Files\nodejs\node.exe C:\Users\njood adel\AppData\Roaming\npm\node_modules\yarn\bin\yarn.js add react-native-fast-image

PATH: 
  C:\Python27\;C:\Python27\Scripts;C:\Program Files (x86)\Common Files\Oracle\Java\javapath;C:\ProgramData\Oracle\Java\javapath;C:\Program Files (x86)\Intel\iCLS Client\;C:\Program Files\Intel\iCLS Client\;C:\WINDOWS\system32;C:\WINDOWS;C:\WINDOWS\System32\Wbem;C:\WINDOWS\System32\WindowsPowerShell\v1.0\;C:\Program Files (x86)\Intel\Intel(R) Management Engine Components\DAL;C:\Program Files\Intel\Intel(R) Management Engine Components\DAL;C:\Program Files (x86)\Intel\Intel(R) Management Engine Components\IPT;C:\Program Files\Intel\Intel(R) Management Engine Components\IPT;C:\Program Files (x86)\QuickTime\QTSystem\;C:\Program Files\Common Files\Autodesk Shared\;C:\WINDOWS\System32\OpenSSH\;C:\Program Files (x86)\Brackets\command;C:\ProgramData\chocolatey\bin;C:\Program Files\Java\jdk1.8.0_211\bin;C:\Program Files\Git\cmd;C:\Program Files\nodejs\;C:\Users\njood adel\AppData\Local\Programs\Python\Python37-32\Scripts\;C:\Users\njood adel\AppData\Local\Programs\Python\Python37-32\;C:\Users\njood adel\AppData\Local\Microsoft\WindowsApps;C:\Users\njood adel\AppData\Local\Programs\Microsoft VS Code\bin;C:\Users\njood adel\AppData\Local\Android\Sdk\platform-tools;C:\Users\njood adel\AppData\Local\Android\Sdk\tools;C:\Users\njood adel\AppData\Roaming\npm

Yarn version: 
  1.16.0

Node version: 
  13.6.0

Platform: 
  win32 x64

Trace: 
  Error: EPERM: operation not permitted, unlink 'C:\Users\njood adel\course\my-app\node_modules\file-uri-to-path\test'

npm manifest: 
  {
    "main": "node_modules/expo/AppEntry.js",
    "scripts": {
      "start": "expo start",
      "android": "expo start --android",
      "ios": "expo start --ios",
      "web": "expo start --web",
      "eject": "expo eject"
    },
    "dependencies": {
      "expo": "~36.0.0",
      "expo-camera": "~8.0.0",
      "expo-image-picker": "~8.0.1",
      "expo-permissions": "~8.0.0",
      "firebase": "^7.7.0",
      "react": "~16.9.0",
      "react-dom": "~16.9.0",
      "react-native": "https://github.com/expo/react-native/archive/sdk-36.0.0.tar.gz",
      "react-native-elements": "^1.2.7",
      "react-native-gesture-handler": "~1.5.0",
      "react-native-reanimated": "~1.4.0",
      "react-native-screens": "2.0.0-alpha.12",
      "react-native-web": "~0.11.7",
      "react-navigation": "^4.0.10",
      "react-navigation-tabs": "^2.7.0"
    },
    "devDependencies": {
      "babel-preset-expo": "~8.0.0",
      "@babel/core": "^7.0.0"
    },
    "private": true
  }

yarn manifest: 
  No manifest

Lockfile: 
  No lockfile
